<?xml version="1.0" encoding="UTF-8"?>
<!-- Generated by org.testng.reporters.JUnitReportReporter -->
<testsuite skipped="0" hostname="8Y1X022" name="Test.testNGtest" tests="4" failures="0" timestamp="27 Jun 2019 16:11:48 GMT" time="0.028" errors="0">
  <testcase name="test2" time="0.004" classname="Test.testNGtest"/>
  <testcase name="test3" time="0.003" classname="Test.testNGtest"/>
  <testcase name="test4" time="0.002" classname="Test.testNGtest"/>
  <testcase name="test1" time="0.019" classname="Test.testNGtest"/>
</testsuite> <!-- Test.testNGtest -->
